0 info it worked if it ends with ok
1 verbose cli [ 'C:\\Program Files\\nodejs\\node.exe',
1 verbose cli   'C:\\Program Files\\nodejs\\node_modules\\npm\\bin\\npm-cli.js',
1 verbose cli   'publish' ]
2 info using npm@3.3.12
3 info using node@v5.1.1
4 verbose publish [ '.' ]
5 silly cache add args [ '.', null ]
6 verbose cache add spec .
7 silly cache add parsed spec Result {
7 silly cache add   raw: '.',
7 silly cache add   scope: null,
7 silly cache add   name: null,
7 silly cache add   rawSpec: '.',
7 silly cache add   spec: 'C:\\temp\\test',
7 silly cache add   type: 'directory' }
8 verbose addLocalDirectory C:\Users\cem.topkaya\AppData\Roaming\npm-cache\test-cem\1.0.1\package.tgz not in flight; packing
9 info lifecycle test-cem@1.0.1~prepublish: test-cem@1.0.1
10 silly lifecycle test-cem@1.0.1~prepublish: no script for prepublish, continuing
11 verbose tar pack [ 'C:\\Users\\cem.topkaya\\AppData\\Roaming\\npm-cache\\test-cem\\1.0.1\\package.tgz',
11 verbose tar pack   'C:\\temp\\test' ]
12 verbose tarball C:\Users\cem.topkaya\AppData\Roaming\npm-cache\test-cem\1.0.1\package.tgz
13 verbose folder C:\temp\test
14 verbose addLocalTarball adding from inside cache C:\Users\cem.topkaya\AppData\Roaming\npm-cache\test-cem\1.0.1\package.tgz
15 silly cache afterAdd test-cem@1.0.1
16 verbose afterAdd C:\Users\cem.topkaya\AppData\Roaming\npm-cache\test-cem\1.0.1\package\package.json not in flight; writing
17 verbose afterAdd C:\Users\cem.topkaya\AppData\Roaming\npm-cache\test-cem\1.0.1\package\package.json written
18 silly publish { name: 'test-cem',
18 silly publish   version: '1.0.1',
18 silly publish   description: '"# cemtest"',
18 silly publish   main: 'index.js',
18 silly publish   scripts: { test: 'echo "Error: no test specified" && exit 1' },
18 silly publish   repository:
18 silly publish    { type: 'git',
18 silly publish      url: 'git+https://github.com/cemtopkaya/cemtest.git' },
18 silly publish   author: '',
18 silly publish   license: 'ISC',
18 silly publish   bugs: { url: 'https://github.com/cemtopkaya/cemtest/issues' },
18 silly publish   homepage: 'https://github.com/cemtopkaya/cemtest#readme',
18 silly publish   readme: '"# cemtest" \r\n',
18 silly publish   readmeFilename: 'README.md',
18 silly publish   gitHead: 'd1f6f128b85ce78ffcc7601d9cf97310e44c1436',
18 silly publish   _id: 'test-cem@1.0.1',
18 silly publish   _shasum: '4bd29d0ca35193732ca0232aceecbef451d42086',
18 silly publish   _from: '.' }
19 verbose getPublishConfig undefined
20 silly mapToRegistry name test-cem
21 silly mapToRegistry using default registry
22 silly mapToRegistry registry https://registry.npmjs.org/
23 silly mapToRegistry uri https://registry.npmjs.org/test-cem
24 verbose publish registryBase https://registry.npmjs.org/
25 silly publish uploading C:\Users\cem.topkaya\AppData\Roaming\npm-cache\test-cem\1.0.1\package.tgz
26 verbose request uri https://registry.npmjs.org/test-cem
27 verbose request sending authorization for write operation
28 info attempt registry request try #1 at 21:38:22
29 verbose request using bearer token for auth
30 verbose request id bf891ca6d16f3ecf
31 http request PUT https://registry.npmjs.org/test-cem
32 http 403 https://registry.npmjs.org/test-cem
33 verbose headers { 'content-type': 'application/json',
33 verbose headers   'cache-control': 'max-age=300',
33 verbose headers   'content-length': '128',
33 verbose headers   'accept-ranges': 'bytes',
33 verbose headers   date: 'Sun, 27 Mar 2016 18:38:05 GMT',
33 verbose headers   via: '1.1 varnish',
33 verbose headers   connection: 'keep-alive',
33 verbose headers   'x-served-by': 'cache-fra1236-FRA',
33 verbose headers   'x-cache': 'MISS',
33 verbose headers   'x-cache-hits': '0',
33 verbose headers   'x-timer': 'S1459103883.839255,VS0,VE1761' }
34 verbose request invalidating C:\Users\cem.topkaya\AppData\Roaming\npm-cache\registry.npmjs.org\test-cem on PUT
35 error publish Failed PUT 403
36 verbose stack Error: "You cannot publish over the previously published version 1.0.1. Try bumping the version to 2.0.0" : test-cem
36 verbose stack     at makeError (C:\Program Files\nodejs\node_modules\npm\node_modules\npm-registry-client\lib\request.js:264:12)
36 verbose stack     at CachingRegistryClient.<anonymous> (C:\Program Files\nodejs\node_modules\npm\node_modules\npm-registry-client\lib\request.js:252:14)
36 verbose stack     at Request._callback (C:\Program Files\nodejs\node_modules\npm\node_modules\npm-registry-client\lib\request.js:172:14)
36 verbose stack     at Request.self.callback (C:\Program Files\nodejs\node_modules\npm\node_modules\request\request.js:198:22)
36 verbose stack     at emitTwo (events.js:87:13)
36 verbose stack     at Request.emit (events.js:172:7)
36 verbose stack     at Request.<anonymous> (C:\Program Files\nodejs\node_modules\npm\node_modules\request\request.js:1082:10)
36 verbose stack     at emitOne (events.js:82:20)
36 verbose stack     at Request.emit (events.js:169:7)
36 verbose stack     at IncomingMessage.<anonymous> (C:\Program Files\nodejs\node_modules\npm\node_modules\request\request.js:1009:12)
37 verbose statusCode 403
38 verbose pkgid test-cem
39 verbose cwd C:\temp\test
40 error Windows_NT 6.3.9600
41 error argv "C:\\Program Files\\nodejs\\node.exe" "C:\\Program Files\\nodejs\\node_modules\\npm\\bin\\npm-cli.js" "publish"
42 error node v5.1.1
43 error npm  v3.3.12
44 error code E403
45 error "You cannot publish over the previously published version 1.0.1. Try bumping the version to 2.0.0" : test-cem
46 error If you need help, you may report this error at:
46 error     <https://github.com/npm/npm/issues>
47 verbose exit [ 1, true ]
